<?xml version="1.0" encoding="UTF-8"?>
<testng-results ignored="0" total="4" passed="4" failed="0" skipped="0">
  <reporter-output>
  </reporter-output>
  <suite started-at="2023-11-17T18:49:42 IST" name="Default suite" finished-at="2023-11-17T18:49:42 IST" duration-ms="68">
    <groups>
    </groups>
    <test started-at="2023-11-17T18:49:42 IST" name="Default test" finished-at="2023-11-17T18:49:42 IST" duration-ms="68">
      <class name="testng_attributes.Priority">
        <test-method signature="loginTest()[pri:0, instance:testng_attributes.Priority@194bcebf]" started-at="2023-11-17T18:49:42 IST" name="loginTest" finished-at="2023-11-17T18:49:42 IST" duration-ms="10" status="PASS">
          <reporter-output>
          </reporter-output>
        </test-method> <!-- loginTest -->
        <test-method signature="checkoutTest()[pri:1, instance:testng_attributes.Priority@194bcebf]" started-at="2023-11-17T18:49:42 IST" name="checkoutTest" finished-at="2023-11-17T18:49:42 IST" duration-ms="1" status="PASS">
          <reporter-output>
          </reporter-output>
        </test-method> <!-- checkoutTest -->
        <test-method signature="searchProductTest()[pri:1, instance:testng_attributes.Priority@194bcebf]" started-at="2023-11-17T18:49:42 IST" name="searchProductTest" finished-at="2023-11-17T18:49:42 IST" duration-ms="1" status="PASS">
          <reporter-output>
          </reporter-output>
        </test-method> <!-- searchProductTest -->
        <test-method signature="addToCartTest()[pri:2, instance:testng_attributes.Priority@194bcebf]" started-at="2023-11-17T18:49:42 IST" name="addToCartTest" finished-at="2023-11-17T18:49:42 IST" duration-ms="1" status="PASS">
          <reporter-output>
          </reporter-output>
        </test-method> <!-- addToCartTest -->
      </class> <!-- testng_attributes.Priority -->
    </test> <!-- Default test -->
  </suite> <!-- Default suite -->
</testng-results>
