<?xml version="1.0" encoding="UTF-8"?>
<!-- Generated by org.testng.reporters.JUnitXMLReporter -->
<testsuite ignored="0" hostname="DESKTOP-AF33508" failures="0" tests="4" name="Default test" time="0.068" errors="0" timestamp="2023-11-17T18:49:42 IST">
  <testcase classname="testng_attributes.Priority" name="loginTest" time="0.01"/>
  <testcase classname="testng_attributes.Priority" name="checkoutTest" time="0.001"/>
  <testcase classname="testng_attributes.Priority" name="searchProductTest" time="0.001"/>
  <testcase classname="testng_attributes.Priority" name="addToCartTest" time="0.001"/>
</testsuite> <!-- Default test -->
